0 info it worked if it ends with ok
1 verbose cli [ '/usr/local/bin/node', '/usr/local/bin/npm', 'publish' ]
2 info using npm@4.0.5
3 info using node@v7.4.0
4 verbose publish [ '.' ]
5 silly cache add args [ '.', null ]
6 verbose cache add spec .
7 silly cache add parsed spec Result {
7 silly cache add   raw: '.',
7 silly cache add   scope: null,
7 silly cache add   escapedName: null,
7 silly cache add   name: null,
7 silly cache add   rawSpec: '.',
7 silly cache add   spec: '/Users/maple/Desktop/react-native-checkbox',
7 silly cache add   type: 'directory' }
8 verbose addLocalDirectory /Users/maple/.npm/@ibhavan/react-native-checkbox/1.0.0/package.tgz not in flight; packing
9 verbose correctMkdir /Users/maple/.npm correctMkdir not in flight; initializing
10 info lifecycle @ibhavan/react-native-checkbox@1.0.0~prepublish: @ibhavan/react-native-checkbox@1.0.0
11 silly lifecycle @ibhavan/react-native-checkbox@1.0.0~prepublish: no script for prepublish, continuing
12 info lifecycle @ibhavan/react-native-checkbox@1.0.0~prepare: @ibhavan/react-native-checkbox@1.0.0
13 silly lifecycle @ibhavan/react-native-checkbox@1.0.0~prepare: no script for prepare, continuing
14 verbose tar pack [ '/Users/maple/.npm/@ibhavan/react-native-checkbox/1.0.0/package.tgz',
14 verbose tar pack   '/Users/maple/Desktop/react-native-checkbox' ]
15 verbose tarball /Users/maple/.npm/@ibhavan/react-native-checkbox/1.0.0/package.tgz
16 verbose folder /Users/maple/Desktop/react-native-checkbox
17 verbose addLocalTarball adding from inside cache /Users/maple/.npm/@ibhavan/react-native-checkbox/1.0.0/package.tgz
18 verbose correctMkdir /Users/maple/.npm correctMkdir not in flight; initializing
19 silly cache afterAdd @ibhavan/react-native-checkbox@1.0.0
20 verbose afterAdd /Users/maple/.npm/@ibhavan/react-native-checkbox/1.0.0/package/package.json not in flight; writing
21 verbose correctMkdir /Users/maple/.npm correctMkdir not in flight; initializing
22 verbose afterAdd /Users/maple/.npm/@ibhavan/react-native-checkbox/1.0.0/package/package.json written
23 silly publish { name: '@ibhavan/react-native-checkbox',
23 silly publish   version: '1.0.0',
23 silly publish   description: 'Simple CheckBox for react-native',
23 silly publish   main: 'index.js',
23 silly publish   scripts:
23 silly publish    { prestart: 'npm install && react-native-link',
23 silly publish      test: 'echo "Error: no test specified" && exit 1' },
23 silly publish   repository:
23 silly publish    { type: 'git',
23 silly publish      url: 'git+https://github.com/BhavanPatel/react-native-checkbox.git' },
23 silly publish   keywords:
23 silly publish    [ 'react-component',
23 silly publish      'react-native',
23 silly publish      'ios',
23 silly publish      'android',
23 silly publish      'checkbox',
23 silly publish      'selectbox',
23 silly publish      'CheckBox',
23 silly publish      'MultiChoice' ],
23 silly publish   author: { name: 'Bhavan Patel' },
23 silly publish   license: 'MIT',
23 silly publish   bugs: { url: 'https://github.com/BhavanPatel/react-native-checkbox/issues' },
23 silly publish   homepage: 'https://github.com/BhavanPatel/react-native-checkbox#readme',
23 silly publish   dependencies: { 'native-base': '2.3.1', 'react-native-vector-icons': '4.3.0' },
23 silly publish   readme: '# react-native-checkbox\n\nSimple CheckBox for react-native\n',
23 silly publish   readmeFilename: 'README.md',
23 silly publish   gitHead: '6c098d445610d5935dbd516526f9e7f0c1969de2',
23 silly publish   _id: '@ibhavan/react-native-checkbox@1.0.0',
23 silly publish   _shasum: 'd289394944e892d54c7f5470276d66f95b32d350',
23 silly publish   _from: '.' }
24 info lifecycle @ibhavan/react-native-checkbox@1.0.0~prepublishOnly: @ibhavan/react-native-checkbox@1.0.0
25 silly lifecycle @ibhavan/react-native-checkbox@1.0.0~prepublishOnly: no script for prepublishOnly, continuing
26 verbose getPublishConfig undefined
27 silly mapToRegistry name @ibhavan/react-native-checkbox
28 silly mapToRegistry scope (from package name) @ibhavan
29 verbose mapToRegistry no registry URL found in name for scope @ibhavan
30 silly mapToRegistry using default registry
31 silly mapToRegistry registry https://registry.npmjs.org/
32 silly mapToRegistry data Result {
32 silly mapToRegistry   raw: '@ibhavan/react-native-checkbox',
32 silly mapToRegistry   scope: '@ibhavan',
32 silly mapToRegistry   escapedName: '@ibhavan%2freact-native-checkbox',
32 silly mapToRegistry   name: '@ibhavan/react-native-checkbox',
32 silly mapToRegistry   rawSpec: '',
32 silly mapToRegistry   spec: 'latest',
32 silly mapToRegistry   type: 'tag' }
33 silly mapToRegistry uri https://registry.npmjs.org/@ibhavan%2freact-native-checkbox
34 verbose publish registryBase https://registry.npmjs.org/
35 silly publish uploading /Users/maple/.npm/@ibhavan/react-native-checkbox/1.0.0/package.tgz
36 verbose request uri https://registry.npmjs.org/@ibhavan%2freact-native-checkbox
37 verbose request sending authorization for write operation
38 info attempt registry request try #1 at 11:36:10 AM
39 verbose request using bearer token for auth
40 verbose request id f76d4de089930835
41 http request PUT https://registry.npmjs.org/@ibhavan%2freact-native-checkbox
42 http 402 https://registry.npmjs.org/@ibhavan%2freact-native-checkbox
43 verbose headers { 'content-type': 'application/json',
43 verbose headers   'cache-control': 'max-age=0',
43 verbose headers   'content-length': '49',
43 verbose headers   'accept-ranges': 'bytes',
43 verbose headers   date: 'Mon, 25 Sep 2017 06:06:12 GMT',
43 verbose headers   via: '1.1 varnish',
43 verbose headers   connection: 'keep-alive',
43 verbose headers   'x-served-by': 'cache-hhn1542-HHN',
43 verbose headers   'x-cache': 'MISS',
43 verbose headers   'x-cache-hits': '0',
43 verbose headers   'x-timer': 'S1506319571.076896,VS0,VE946' }
44 verbose request invalidating /Users/maple/.npm/registry.npmjs.org/_40ibhavan_252freact-native-checkbox on PUT
45 error publish Failed PUT 402
46 verbose stack Error: You must sign up for private packages : @ibhavan/react-native-checkbox
46 verbose stack     at makeError (/usr/local/lib/node_modules/npm/node_modules/npm-registry-client/lib/request.js:302:12)
46 verbose stack     at CachingRegistryClient.<anonymous> (/usr/local/lib/node_modules/npm/node_modules/npm-registry-client/lib/request.js:290:14)
46 verbose stack     at Request._callback (/usr/local/lib/node_modules/npm/node_modules/npm-registry-client/lib/request.js:210:14)
46 verbose stack     at Request.self.callback (/usr/local/lib/node_modules/npm/node_modules/request/request.js:186:22)
46 verbose stack     at emitTwo (events.js:106:13)
46 verbose stack     at Request.emit (events.js:191:7)
46 verbose stack     at Request.<anonymous> (/usr/local/lib/node_modules/npm/node_modules/request/request.js:1081:10)
46 verbose stack     at emitOne (events.js:96:13)
46 verbose stack     at Request.emit (events.js:188:7)
46 verbose stack     at IncomingMessage.<anonymous> (/usr/local/lib/node_modules/npm/node_modules/request/request.js:1001:12)
47 verbose statusCode 402
48 verbose pkgid @ibhavan/react-native-checkbox
49 verbose cwd /Users/maple/Desktop/react-native-checkbox
50 error Darwin 16.7.0
51 error argv "/usr/local/bin/node" "/usr/local/bin/npm" "publish"
52 error node v7.4.0
53 error npm  v4.0.5
54 error code E402
55 error You must sign up for private packages : @ibhavan/react-native-checkbox
56 error If you need help, you may report this error at:
56 error     <https://github.com/npm/npm/issues>
57 verbose exit [ 1, true ]
